<?xml version="1.0" encoding="UTF-8"?>
<!-- Generated by org.testng.reporters.JUnitReportReporter -->
<testsuite hostname="DESKTOP-S858PR4" failures="0" tests="1" name="com.dynamic_table.Table_1" time="9.819" errors="0" timestamp="2024-02-19T14:23:56 IST" skipped="0">
  <testcase classname="com.dynamic_table.Table_1" name="findname" time="9.819"/>
</testsuite> <!-- com.dynamic_table.Table_1 -->
