<?xml version="1.0" encoding="UTF-8"?>
<!-- Generated by org.testng.reporters.JUnitReportReporter -->
<testsuite hostname="DESKTOP-S858PR4" failures="0" tests="1" name="com.maven.first.project.Maven.Adacting.AppTest" time="0.014" errors="0" timestamp="2024-01-23T23:35:28 IST" skipped="0">
  <testcase classname="com.maven.first.project.Maven.Adacting.AppTest" name="shouldAnswerWithTrue" time="0.014"/>
</testsuite> <!-- com.maven.first.project.Maven.Adacting.AppTest -->
